# JRE version: Java(TM) SE Runtime Environment (21.0.4+8) (build 21.0.4+8-LTS-274)
# Java VM: Java HotSpot(TM) 64-Bit Server VM (21.0.4+8-LTS-274, mixed mode, sharing, tiered, compressed oops, compressed class ptrs, g1 gc, windows-amd64)
GC Precious Log:
 CardTable entry size: 512
 Card Set container configuration: InlinePtr #cards 5 size 8 Array Of Cards #cards 12 size 40 Howl #buckets 4 coarsen threshold 1843 Howl Bitmap #cards 512 size 80 coarsen threshold 460 Card regions per heap region 1 cards per card region 2048
 CPUs: 4 total, 4 available
 Memory: 3917M
 Large Page Support: Disabled
 NUMA Support: Disabled
 Compressed Oops: Enabled (32-bit)
 Heap Region Size: 1M
 Heap Min Capacity: 8M
 Heap Initial Capacity: 62M
 Heap Max Capacity: 980M
 Pre-touch: Disabled
 Parallel Workers: 4
 Concurrent Workers: 1
 Concurrent Refinement Workers: 4
 Periodic GC: Disabled
Heap:
 garbage-first heap   total 58368K, used 36274K [0x00000000c2c00000, 0x0000000100000000)
  region size 1024K, 5 young (5120K), 2 survivors (2048K)
 Metaspace       used 72243K, committed 73024K, reserved 1114112K
  class space    used 9648K, committed 9984K, reserved 1048576K
GC Heap History (20 events):
Event: 10.687 GC heap before
{Heap before GC invocations=12 (full 0):
 garbage-first heap   total 45056K, used 38200K [0x00000000c2c00000, 0x0000000100000000)
  region size 1024K, 18 young (18432K), 2 survivors (2048K)
 Metaspace       used 40141K, committed 40640K, reserved 1114112K
  class space    used 5217K, committed 5440K, reserved 1048576K
}
Event: 10.695 GC heap after
{Heap after GC invocations=13 (full 0):
 garbage-first heap   total 45056K, used 22636K [0x00000000c2c00000, 0x0000000100000000)
  region size 1024K, 3 young (3072K), 3 survivors (3072K)
 Metaspace       used 40141K, committed 40640K, reserved 1114112K
  class space    used 5217K, committed 5440K, reserved 1048576K
}
Event: 12.094 GC heap before
{Heap before GC invocations=13 (full 0):
 garbage-first heap   total 45056K, used 36972K [0x00000000c2c00000, 0x0000000100000000)
  region size 1024K, 18 young (18432K), 3 survivors (3072K)
 Metaspace       used 47435K, committed 48064K, reserved 1114112K
  class space    used 6128K, committed 6400K, reserved 1048576K
}
Event: 12.104 GC heap after
{Heap after GC invocations=14 (full 0):
 garbage-first heap   total 45056K, used 24316K [0x00000000c2c00000, 0x0000000100000000)
  region size 1024K, 3 young (3072K), 3 survivors (3072K)
 Metaspace       used 47435K, committed 48064K, reserved 1114112K
  class space    used 6128K, committed 6400K, reserved 1048576K
}
Event: 13.427 GC heap before
{Heap before GC invocations=14 (full 0):
 garbage-first heap   total 45056K, used 37628K [0x00000000c2c00000, 0x0000000100000000)
  region size 1024K, 17 young (17408K), 3 survivors (3072K)
 Metaspace       used 51528K, committed 52096K, reserved 1114112K
  class space    used 6657K, committed 6912K, reserved 1048576K
}
Event: 13.435 GC heap after
{Heap after GC invocations=15 (full 0):
 garbage-first heap   total 45056K, used 25662K [0x00000000c2c00000, 0x0000000100000000)
  region size 1024K, 2 young (2048K), 2 survivors (2048K)
 Metaspace       used 51528K, committed 52096K, reserved 1114112K
  class space    used 6657K, committed 6912K, reserved 1048576K
}
Event: 14.001 GC heap before
{Heap before GC invocations=16 (full 0):
 garbage-first heap   total 48128K, used 37950K [0x00000000c2c00000, 0x0000000100000000)
  region size 1024K, 15 young (15360K), 2 survivors (2048K)
 Metaspace       used 54371K, committed 54848K, reserved 1114112K
  class space    used 7015K, committed 7232K, reserved 1048576K
}
Event: 14.006 GC heap after
{Heap after GC invocations=17 (full 0):
 garbage-first heap   total 48128K, used 26373K [0x00000000c2c00000, 0x0000000100000000)
  region size 1024K, 1 young (1024K), 1 survivors (1024K)
 Metaspace       used 54371K, committed 54848K, reserved 1114112K
  class space    used 7015K, committed 7232K, reserved 1048576K
}
Event: 14.811 GC heap before
{Heap before GC invocations=17 (full 0):
 garbage-first heap   total 48128K, used 41733K [0x00000000c2c00000, 0x0000000100000000)
  region size 1024K, 17 young (17408K), 1 survivors (1024K)
 Metaspace       used 60089K, committed 60608K, reserved 1114112K
  class space    used 7975K, committed 8192K, reserved 1048576K
}
Event: 14.815 GC heap after
{Heap after GC invocations=18 (full 0):
 garbage-first heap   total 48128K, used 26868K [0x00000000c2c00000, 0x0000000100000000)
  region size 1024K, 2 young (2048K), 2 survivors (2048K)
 Metaspace       used 60089K, committed 60608K, reserved 1114112K
  class space    used 7975K, committed 8192K, reserved 1048576K
}
Event: 15.456 GC heap before
{Heap before GC invocations=18 (full 0):
 garbage-first heap   total 48128K, used 41204K [0x00000000c2c00000, 0x0000000100000000)
  region size 1024K, 17 young (17408K), 2 survivors (2048K)
 Metaspace       used 63719K, committed 64448K, reserved 1114112K
  class space    used 8487K, committed 8832K, reserved 1048576K
}
Event: 15.461 GC heap after
{Heap after GC invocations=19 (full 0):
 garbage-first heap   total 48128K, used 27904K [0x00000000c2c00000, 0x0000000100000000)
  region size 1024K, 3 young (3072K), 3 survivors (3072K)
 Metaspace       used 63719K, committed 64448K, reserved 1114112K
  class space    used 8487K, committed 8832K, reserved 1048576K
}
Event: 16.360 GC heap before
{Heap before GC invocations=20 (full 0):
 garbage-first heap   total 51200K, used 41216K [0x00000000c2c00000, 0x0000000100000000)
  region size 1024K, 16 young (16384K), 3 survivors (3072K)
 Metaspace       used 65994K, committed 66688K, reserved 1114112K
  class space    used 8794K, committed 9088K, reserved 1048576K
}
Event: 16.373 GC heap after
{Heap after GC invocations=21 (full 0):
 garbage-first heap   total 51200K, used 29387K [0x00000000c2c00000, 0x0000000100000000)
  region size 1024K, 2 young (2048K), 2 survivors (2048K)
 Metaspace       used 65994K, committed 66688K, reserved 1114112K
  class space    used 8794K, committed 9088K, reserved 1048576K
}
Event: 18.218 GC heap before
{Heap before GC invocations=21 (full 0):
 garbage-first heap   total 51200K, used 44747K [0x00000000c2c00000, 0x0000000100000000)
  region size 1024K, 17 young (17408K), 2 survivors (2048K)
 Metaspace       used 67666K, committed 68352K, reserved 1114112K
  class space    used 9010K, committed 9344K, reserved 1048576K
}
Event: 18.228 GC heap after
{Heap after GC invocations=22 (full 0):
 garbage-first heap   total 51200K, used 31066K [0x00000000c2c00000, 0x0000000100000000)
  region size 1024K, 3 young (3072K), 3 survivors (3072K)
 Metaspace       used 67666K, committed 68352K, reserved 1114112K
  class space    used 9010K, committed 9344K, reserved 1048576K
}
Event: 18.894 GC heap before
{Heap before GC invocations=22 (full 0):
 garbage-first heap   total 51200K, used 44378K [0x00000000c2c00000, 0x0000000100000000)
  region size 1024K, 16 young (16384K), 3 survivors (3072K)
 Metaspace       used 69471K, committed 70208K, reserved 1114112K
  class space    used 9269K, committed 9600K, reserved 1048576K
}
Event: 18.904 GC heap after
{Heap after GC invocations=23 (full 0):
 garbage-first heap   total 51200K, used 32990K [0x00000000c2c00000, 0x0000000100000000)
  region size 1024K, 2 young (2048K), 2 survivors (2048K)
 Metaspace       used 69471K, committed 70208K, reserved 1114112K
  class space    used 9269K, committed 9600K, reserved 1048576K
}
Event: 36.372 GC heap before
{Heap before GC invocations=24 (full 0):
 garbage-first heap   total 58368K, used 44254K [0x00000000c2c00000, 0x0000000100000000)
  region size 1024K, 13 young (13312K), 2 survivors (2048K)
 Metaspace       used 71829K, committed 72576K, reserved 1114112K
  class space    used 9580K, committed 9920K, reserved 1048576K
}
Event: 36.381 GC heap after
{Heap after GC invocations=25 (full 0):
 garbage-first heap   total 58368K, used 34226K [0x00000000c2c00000, 0x0000000100000000)
  region size 1024K, 2 young (2048K), 2 survivors (2048K)
 Metaspace       used 71829K, committed 72576K, reserved 1114112K
  class space    used 9580K, committed 9920K, reserved 1048576K
}

