# JRE version: Java(TM) SE Runtime Environment (21.0.4+8) (build 21.0.4+8-LTS-274)
# Java VM: Java HotSpot(TM) 64-Bit Server VM (21.0.4+8-LTS-274, mixed mode, sharing, tiered, compressed oops, compressed class ptrs, g1 gc, windows-amd64)
GC Precious Log:
 CardTable entry size: 512
 Card Set container configuration: InlinePtr #cards 5 size 8 Array Of Cards #cards 12 size 40 Howl #buckets 4 coarsen threshold 1843 Howl Bitmap #cards 512 size 80 coarsen threshold 460 Card regions per heap region 1 cards per card region 2048
 CPUs: 4 total, 4 available
 Memory: 3917M
 Large Page Support: Disabled
 NUMA Support: Disabled
 Compressed Oops: Enabled (32-bit)
 Heap Region Size: 1M
 Heap Min Capacity: 8M
 Heap Initial Capacity: 62M
 Heap Max Capacity: 980M
 Pre-touch: Disabled
 Parallel Workers: 4
 Concurrent Workers: 1
 Concurrent Refinement Workers: 4
 Periodic GC: Disabled
Heap:
 garbage-first heap   total 60416K, used 35641K [0x00000000c2c00000, 0x0000000100000000)
  region size 1024K, 6 young (6144K), 3 survivors (3072K)
 Metaspace       used 72397K, committed 73152K, reserved 1114112K
  class space    used 9672K, committed 9984K, reserved 1048576K
GC Heap History (20 events):
Event: 9.649 GC heap before
{Heap before GC invocations=8 (full 0):
 garbage-first heap   total 48128K, used 38051K [0x00000000c2c00000, 0x0000000100000000)
  region size 1024K, 22 young (22528K), 3 survivors (3072K)
 Metaspace       used 34553K, committed 35072K, reserved 1114112K
  class space    used 4352K, committed 4608K, reserved 1048576K
}
Event: 9.658 GC heap after
{Heap after GC invocations=9 (full 0):
 garbage-first heap   total 48128K, used 21647K [0x00000000c2c00000, 0x0000000100000000)
  region size 1024K, 2 young (2048K), 2 survivors (2048K)
 Metaspace       used 34553K, committed 35072K, reserved 1114112K
  class space    used 4352K, committed 4608K, reserved 1048576K
}
Event: 10.060 GC heap before
{Heap before GC invocations=9 (full 0):
 garbage-first heap   total 48128K, used 28815K [0x00000000c2c00000, 0x0000000100000000)
  region size 1024K, 10 young (10240K), 2 survivors (2048K)
 Metaspace       used 35455K, committed 35968K, reserved 1114112K
  class space    used 4483K, committed 4736K, reserved 1048576K
}
Event: 10.070 GC heap after
{Heap after GC invocations=10 (full 0):
 garbage-first heap   total 48128K, used 22055K [0x00000000c2c00000, 0x0000000100000000)
  region size 1024K, 1 young (1024K), 1 survivors (1024K)
 Metaspace       used 35455K, committed 35968K, reserved 1114112K
  class space    used 4483K, committed 4736K, reserved 1048576K
}
Event: 11.273 GC heap before
{Heap before GC invocations=11 (full 0):
 garbage-first heap   total 48128K, used 40487K [0x00000000c2c00000, 0x0000000100000000)
  region size 1024K, 19 young (19456K), 1 survivors (1024K)
 Metaspace       used 40707K, committed 41280K, reserved 1114112K
  class space    used 5311K, committed 5568K, reserved 1048576K
}
Event: 11.278 GC heap after
{Heap after GC invocations=12 (full 0):
 garbage-first heap   total 48128K, used 22991K [0x00000000c2c00000, 0x0000000100000000)
  region size 1024K, 2 young (2048K), 2 survivors (2048K)
 Metaspace       used 40707K, committed 41280K, reserved 1114112K
  class space    used 5311K, committed 5568K, reserved 1048576K
}
Event: 12.796 GC heap before
{Heap before GC invocations=12 (full 0):
 garbage-first heap   total 48128K, used 40399K [0x00000000c2c00000, 0x0000000100000000)
  region size 1024K, 20 young (20480K), 2 survivors (2048K)
 Metaspace       used 49519K, committed 50112K, reserved 1114112K
  class space    used 6383K, committed 6656K, reserved 1048576K
}
Event: 12.808 GC heap after
{Heap after GC invocations=13 (full 0):
 garbage-first heap   total 48128K, used 24664K [0x00000000c2c00000, 0x0000000100000000)
  region size 1024K, 3 young (3072K), 3 survivors (3072K)
 Metaspace       used 49519K, committed 50112K, reserved 1114112K
  class space    used 6383K, committed 6656K, reserved 1048576K
}
Event: 13.788 GC heap before
{Heap before GC invocations=13 (full 0):
 garbage-first heap   total 48128K, used 40024K [0x00000000c2c00000, 0x0000000100000000)
  region size 1024K, 19 young (19456K), 3 survivors (3072K)
 Metaspace       used 53151K, committed 53760K, reserved 1114112K
  class space    used 6845K, committed 7104K, reserved 1048576K
}
Event: 13.795 GC heap after
{Heap after GC invocations=14 (full 0):
 garbage-first heap   total 48128K, used 26227K [0x00000000c2c00000, 0x0000000100000000)
  region size 1024K, 2 young (2048K), 2 survivors (2048K)
 Metaspace       used 53151K, committed 53760K, reserved 1114112K
  class space    used 6845K, committed 7104K, reserved 1048576K
}
Event: 14.469 GC heap before
{Heap before GC invocations=15 (full 0):
 garbage-first heap   total 50176K, used 40563K [0x00000000c2c00000, 0x0000000100000000)
  region size 1024K, 17 young (17408K), 2 survivors (2048K)
 Metaspace       used 58401K, committed 58944K, reserved 1114112K
  class space    used 7645K, committed 7872K, reserved 1048576K
}
Event: 14.473 GC heap after
{Heap after GC invocations=16 (full 0):
 garbage-first heap   total 50176K, used 26689K [0x00000000c2c00000, 0x0000000100000000)
  region size 1024K, 2 young (2048K), 2 survivors (2048K)
 Metaspace       used 58401K, committed 58944K, reserved 1114112K
  class space    used 7645K, committed 7872K, reserved 1048576K
}
Event: 15.240 GC heap before
{Heap before GC invocations=16 (full 0):
 garbage-first heap   total 50176K, used 43073K [0x00000000c2c00000, 0x0000000100000000)
  region size 1024K, 19 young (19456K), 2 survivors (2048K)
 Metaspace       used 62660K, committed 63232K, reserved 1114112K
  class space    used 8343K, committed 8576K, reserved 1048576K
}
Event: 15.247 GC heap after
{Heap after GC invocations=17 (full 0):
 garbage-first heap   total 50176K, used 27333K [0x00000000c2c00000, 0x0000000100000000)
  region size 1024K, 2 young (2048K), 2 survivors (2048K)
 Metaspace       used 62660K, committed 63232K, reserved 1114112K
  class space    used 8343K, committed 8576K, reserved 1048576K
}
Event: 15.948 GC heap before
{Heap before GC invocations=17 (full 0):
 garbage-first heap   total 50176K, used 42693K [0x00000000c2c00000, 0x0000000100000000)
  region size 1024K, 18 young (18432K), 2 survivors (2048K)
 Metaspace       used 66163K, committed 66816K, reserved 1114112K
  class space    used 8783K, committed 9088K, reserved 1048576K
}
Event: 15.956 GC heap after
{Heap after GC invocations=18 (full 0):
 garbage-first heap   total 60416K, used 28804K [0x00000000c2c00000, 0x0000000100000000)
  region size 1024K, 3 young (3072K), 3 survivors (3072K)
 Metaspace       used 66163K, committed 66816K, reserved 1114112K
  class space    used 8783K, committed 9088K, reserved 1048576K
}
Event: 16.864 GC heap before
{Heap before GC invocations=19 (full 0):
 garbage-first heap   total 60416K, used 52356K [0x00000000c2c00000, 0x0000000100000000)
  region size 1024K, 26 young (26624K), 3 survivors (3072K)
 Metaspace       used 68506K, committed 69248K, reserved 1114112K
  class space    used 9134K, committed 9472K, reserved 1048576K
}
Event: 16.874 GC heap after
{Heap after GC invocations=20 (full 0):
 garbage-first heap   total 60416K, used 31547K [0x00000000c2c00000, 0x0000000100000000)
  region size 1024K, 4 young (4096K), 4 survivors (4096K)
 Metaspace       used 68506K, committed 69248K, reserved 1114112K
  class space    used 9134K, committed 9472K, reserved 1048576K
}
Event: 28.860 GC heap before
{Heap before GC invocations=20 (full 0):
 garbage-first heap   total 60416K, used 52027K [0x00000000c2c00000, 0x0000000100000000)
  region size 1024K, 24 young (24576K), 4 survivors (4096K)
 Metaspace       used 72155K, committed 72896K, reserved 1114112K
  class space    used 9629K, committed 9920K, reserved 1048576K
}
Event: 28.872 GC heap after
{Heap after GC invocations=21 (full 0):
 garbage-first heap   total 60416K, used 33593K [0x00000000c2c00000, 0x0000000100000000)
  region size 1024K, 3 young (3072K), 3 survivors (3072K)
 Metaspace       used 72155K, committed 72896K, reserved 1114112K
  class space    used 9629K, committed 9920K, reserved 1048576K
}

