# JRE version: Java(TM) SE Runtime Environment (21.0.4+8) (build 21.0.4+8-LTS-274)
# Java VM: Java HotSpot(TM) 64-Bit Server VM (21.0.4+8-LTS-274, mixed mode, sharing, tiered, compressed oops, compressed class ptrs, g1 gc, windows-amd64)
GC Precious Log:
 CardTable entry size: 512
 Card Set container configuration: InlinePtr #cards 5 size 8 Array Of Cards #cards 12 size 40 Howl #buckets 4 coarsen threshold 1843 Howl Bitmap #cards 512 size 80 coarsen threshold 460 Card regions per heap region 1 cards per card region 2048
 CPUs: 4 total, 4 available
 Memory: 3917M
 Large Page Support: Disabled
 NUMA Support: Disabled
 Compressed Oops: Enabled (32-bit)
 Heap Region Size: 1M
 Heap Min Capacity: 8M
 Heap Initial Capacity: 62M
 Heap Max Capacity: 980M
 Pre-touch: Disabled
 Parallel Workers: 4
 Concurrent Workers: 1
 Concurrent Refinement Workers: 4
 Periodic GC: Disabled
Heap:
 garbage-first heap   total 56320K, used 41645K [0x00000000c2c00000, 0x0000000100000000)
  region size 1024K, 12 young (12288K), 2 survivors (2048K)
 Metaspace       used 70701K, committed 71424K, reserved 1114112K
  class space    used 9423K, committed 9728K, reserved 1048576K
GC Heap History (20 events):
Event: 8.381 GC heap before
{Heap before GC invocations=9 (full 0):
 garbage-first heap   total 45056K, used 34913K [0x00000000c2c00000, 0x0000000100000000)
  region size 1024K, 18 young (18432K), 2 survivors (2048K)
 Metaspace       used 35460K, committed 35968K, reserved 1114112K
  class space    used 4491K, committed 4736K, reserved 1048576K
}
Event: 8.386 GC heap after
{Heap after GC invocations=10 (full 0):
 garbage-first heap   total 45056K, used 21907K [0x00000000c2c00000, 0x0000000100000000)
  region size 1024K, 2 young (2048K), 2 survivors (2048K)
 Metaspace       used 35460K, committed 35968K, reserved 1114112K
  class space    used 4491K, committed 4736K, reserved 1048576K
}
Event: 9.234 GC heap before
{Heap before GC invocations=11 (full 0):
 garbage-first heap   total 45056K, used 36243K [0x00000000c2c00000, 0x0000000100000000)
  region size 1024K, 17 young (17408K), 2 survivors (2048K)
 Metaspace       used 39937K, committed 40512K, reserved 1114112K
  class space    used 5171K, committed 5440K, reserved 1048576K
}
Event: 9.239 GC heap after
{Heap after GC invocations=12 (full 0):
 garbage-first heap   total 45056K, used 22575K [0x00000000c2c00000, 0x0000000100000000)
  region size 1024K, 2 young (2048K), 2 survivors (2048K)
 Metaspace       used 39937K, committed 40512K, reserved 1114112K
  class space    used 5171K, committed 5440K, reserved 1048576K
}
Event: 10.304 GC heap before
{Heap before GC invocations=12 (full 0):
 garbage-first heap   total 45056K, used 37935K [0x00000000c2c00000, 0x0000000100000000)
  region size 1024K, 18 young (18432K), 2 survivors (2048K)
 Metaspace       used 47436K, committed 48064K, reserved 1114112K
  class space    used 6126K, committed 6400K, reserved 1048576K
}
Event: 10.311 GC heap after
{Heap after GC invocations=13 (full 0):
 garbage-first heap   total 45056K, used 24398K [0x00000000c2c00000, 0x0000000100000000)
  region size 1024K, 3 young (3072K), 3 survivors (3072K)
 Metaspace       used 47436K, committed 48064K, reserved 1114112K
  class space    used 6126K, committed 6400K, reserved 1048576K
}
Event: 11.153 GC heap before
{Heap before GC invocations=13 (full 0):
 garbage-first heap   total 45056K, used 37710K [0x00000000c2c00000, 0x0000000100000000)
  region size 1024K, 17 young (17408K), 3 survivors (3072K)
 Metaspace       used 51829K, committed 52352K, reserved 1114112K
  class space    used 6711K, committed 6976K, reserved 1048576K
}
Event: 11.160 GC heap after
{Heap after GC invocations=14 (full 0):
 garbage-first heap   total 45056K, used 25788K [0x00000000c2c00000, 0x0000000100000000)
  region size 1024K, 2 young (2048K), 2 survivors (2048K)
 Metaspace       used 51829K, committed 52352K, reserved 1114112K
  class space    used 6711K, committed 6976K, reserved 1048576K
}
Event: 11.702 GC heap before
{Heap before GC invocations=15 (full 0):
 garbage-first heap   total 46080K, used 39100K [0x00000000c2c00000, 0x0000000100000000)
  region size 1024K, 15 young (15360K), 2 survivors (2048K)
 Metaspace       used 54514K, committed 55104K, reserved 1114112K
  class space    used 7029K, committed 7296K, reserved 1048576K
}
Event: 11.706 GC heap after
{Heap after GC invocations=16 (full 0):
 garbage-first heap   total 46080K, used 26401K [0x00000000c2c00000, 0x0000000100000000)
  region size 1024K, 2 young (2048K), 2 survivors (2048K)
 Metaspace       used 54514K, committed 55104K, reserved 1114112K
  class space    used 7029K, committed 7296K, reserved 1048576K
}
Event: 12.395 GC heap before
{Heap before GC invocations=16 (full 0):
 garbage-first heap   total 46080K, used 39713K [0x00000000c2c00000, 0x0000000100000000)
  region size 1024K, 16 young (16384K), 2 survivors (2048K)
 Metaspace       used 59691K, committed 60288K, reserved 1114112K
  class space    used 7900K, committed 8128K, reserved 1048576K
}
Event: 12.401 GC heap after
{Heap after GC invocations=17 (full 0):
 garbage-first heap   total 46080K, used 26756K [0x00000000c2c00000, 0x0000000100000000)
  region size 1024K, 2 young (2048K), 2 survivors (2048K)
 Metaspace       used 59691K, committed 60288K, reserved 1114112K
  class space    used 7900K, committed 8128K, reserved 1048576K
}
Event: 13.023 GC heap before
{Heap before GC invocations=17 (full 0):
 garbage-first heap   total 46080K, used 39044K [0x00000000c2c00000, 0x0000000100000000)
  region size 1024K, 15 young (15360K), 2 survivors (2048K)
 Metaspace       used 62895K, committed 63488K, reserved 1114112K
  class space    used 8388K, committed 8640K, reserved 1048576K
}
Event: 13.027 GC heap after
{Heap after GC invocations=18 (full 0):
 garbage-first heap   total 46080K, used 27671K [0x00000000c2c00000, 0x0000000100000000)
  region size 1024K, 2 young (2048K), 2 survivors (2048K)
 Metaspace       used 62895K, committed 63488K, reserved 1114112K
  class space    used 8388K, committed 8640K, reserved 1048576K
}
Event: 13.702 GC heap before
{Heap before GC invocations=19 (full 0):
 garbage-first heap   total 51200K, used 38935K [0x00000000c2c00000, 0x0000000100000000)
  region size 1024K, 14 young (14336K), 2 survivors (2048K)
 Metaspace       used 65370K, committed 65984K, reserved 1114112K
  class space    used 8679K, committed 8960K, reserved 1048576K
}
Event: 13.708 GC heap after
{Heap after GC invocations=20 (full 0):
 garbage-first heap   total 51200K, used 28687K [0x00000000c2c00000, 0x0000000100000000)
  region size 1024K, 2 young (2048K), 2 survivors (2048K)
 Metaspace       used 65370K, committed 65984K, reserved 1114112K
  class space    used 8679K, committed 8960K, reserved 1048576K
}
Event: 14.361 GC heap before
{Heap before GC invocations=20 (full 0):
 garbage-first heap   total 51200K, used 45071K [0x00000000c2c00000, 0x0000000100000000)
  region size 1024K, 18 young (18432K), 2 survivors (2048K)
 Metaspace       used 67298K, committed 67968K, reserved 1114112K
  class space    used 8959K, committed 9280K, reserved 1048576K
}
Event: 14.369 GC heap after
{Heap after GC invocations=21 (full 0):
 garbage-first heap   total 51200K, used 30321K [0x00000000c2c00000, 0x0000000100000000)
  region size 1024K, 3 young (3072K), 3 survivors (3072K)
 Metaspace       used 67298K, committed 67968K, reserved 1114112K
  class space    used 8959K, committed 9280K, reserved 1048576K
}
Event: 14.928 GC heap before
{Heap before GC invocations=21 (full 0):
 garbage-first heap   total 51200K, used 44657K [0x00000000c2c00000, 0x0000000100000000)
  region size 1024K, 17 young (17408K), 3 survivors (3072K)
 Metaspace       used 69255K, committed 70016K, reserved 1114112K
  class space    used 9228K, committed 9600K, reserved 1048576K
}
Event: 14.936 GC heap after
{Heap after GC invocations=22 (full 0):
 garbage-first heap   total 51200K, used 32429K [0x00000000c2c00000, 0x0000000100000000)
  region size 1024K, 2 young (2048K), 2 survivors (2048K)
 Metaspace       used 69255K, committed 70016K, reserved 1114112K
  class space    used 9228K, committed 9600K, reserved 1048576K
}

