# JRE version: Java(TM) SE Runtime Environment (21.0.4+8) (build 21.0.4+8-LTS-274)
# Java VM: Java HotSpot(TM) 64-Bit Server VM (21.0.4+8-LTS-274, mixed mode, sharing, tiered, compressed oops, compressed class ptrs, g1 gc, windows-amd64)
GC Precious Log:
 CardTable entry size: 512
 Card Set container configuration: InlinePtr #cards 5 size 8 Array Of Cards #cards 12 size 40 Howl #buckets 4 coarsen threshold 1843 Howl Bitmap #cards 512 size 80 coarsen threshold 460 Card regions per heap region 1 cards per card region 2048
 CPUs: 4 total, 4 available
 Memory: 3917M
 Large Page Support: Disabled
 NUMA Support: Disabled
 Compressed Oops: Enabled (32-bit)
 Heap Region Size: 1M
 Heap Min Capacity: 8M
 Heap Initial Capacity: 62M
 Heap Max Capacity: 980M
 Pre-touch: Disabled
 Parallel Workers: 4
 Concurrent Workers: 1
 Concurrent Refinement Workers: 4
 Periodic GC: Disabled
Heap:
 garbage-first heap   total 75776K, used 44461K [0x00000000c2c00000, 0x0000000100000000)
  region size 1024K, 3 young (3072K), 2 survivors (2048K)
 Metaspace       used 79446K, committed 80640K, reserved 1179648K
  class space    used 10508K, committed 11072K, reserved 1048576K
GC Heap History (20 events):
Event: 16.123 GC heap before
{Heap before GC invocations=15 (full 0):
 garbage-first heap   total 51200K, used 43644K [0x00000000c2c00000, 0x0000000100000000)
  region size 1024K, 19 young (19456K), 2 survivors (2048K)
 Metaspace       used 60404K, committed 61056K, reserved 1114112K
  class space    used 8020K, committed 8320K, reserved 1048576K
}
Event: 16.127 GC heap after
{Heap after GC invocations=16 (full 0):
 garbage-first heap   total 51200K, used 27944K [0x00000000c2c00000, 0x0000000100000000)
  region size 1024K, 2 young (2048K), 2 survivors (2048K)
 Metaspace       used 60404K, committed 61056K, reserved 1114112K
  class space    used 8020K, committed 8320K, reserved 1048576K
}
Event: 17.394 GC heap before
{Heap before GC invocations=16 (full 0):
 garbage-first heap   total 51200K, used 44328K [0x00000000c2c00000, 0x0000000100000000)
  region size 1024K, 19 young (19456K), 2 survivors (2048K)
 Metaspace       used 64953K, committed 65600K, reserved 1114112K
  class space    used 8658K, committed 8960K, reserved 1048576K
}
Event: 17.399 GC heap after
{Heap after GC invocations=17 (full 0):
 garbage-first heap   total 51200K, used 28424K [0x00000000c2c00000, 0x0000000100000000)
  region size 1024K, 2 young (2048K), 2 survivors (2048K)
 Metaspace       used 64953K, committed 65600K, reserved 1114112K
  class space    used 8658K, committed 8960K, reserved 1048576K
}
Event: 18.470 GC heap before
{Heap before GC invocations=17 (full 0):
 garbage-first heap   total 51200K, used 44808K [0x00000000c2c00000, 0x0000000100000000)
  region size 1024K, 19 young (19456K), 2 survivors (2048K)
 Metaspace       used 67817K, committed 68544K, reserved 1114112K
  class space    used 8991K, committed 9280K, reserved 1048576K
}
Event: 18.479 GC heap after
{Heap after GC invocations=18 (full 0):
 garbage-first heap   total 51200K, used 30511K [0x00000000c2c00000, 0x0000000100000000)
  region size 1024K, 3 young (3072K), 3 survivors (3072K)
 Metaspace       used 67817K, committed 68544K, reserved 1114112K
  class space    used 8991K, committed 9280K, reserved 1048576K
}
Event: 19.649 GC heap before
{Heap before GC invocations=19 (full 0):
 garbage-first heap   total 53248K, used 43823K [0x00000000c2c00000, 0x0000000100000000)
  region size 1024K, 16 young (16384K), 3 survivors (3072K)
 Metaspace       used 69004K, committed 69760K, reserved 1114112K
  class space    used 9188K, committed 9536K, reserved 1048576K
}
Event: 19.663 GC heap after
{Heap after GC invocations=20 (full 0):
 garbage-first heap   total 53248K, used 32201K [0x00000000c2c00000, 0x0000000100000000)
  region size 1024K, 2 young (2048K), 2 survivors (2048K)
 Metaspace       used 69004K, committed 69760K, reserved 1114112K
  class space    used 9188K, committed 9536K, reserved 1048576K
}
Event: 20.624 GC heap before
{Heap before GC invocations=20 (full 0):
 garbage-first heap   total 53248K, used 46537K [0x00000000c2c00000, 0x0000000100000000)
  region size 1024K, 16 young (16384K), 2 survivors (2048K)
 Metaspace       used 70961K, committed 71680K, reserved 1114112K
  class space    used 9466K, committed 9792K, reserved 1048576K
}
Event: 20.631 GC heap after
{Heap after GC invocations=21 (full 0):
 garbage-first heap   total 53248K, used 33568K [0x00000000c2c00000, 0x0000000100000000)
  region size 1024K, 2 young (2048K), 2 survivors (2048K)
 Metaspace       used 70961K, committed 71680K, reserved 1114112K
  class space    used 9466K, committed 9792K, reserved 1048576K
}
Event: 28.365 GC heap before
{Heap before GC invocations=21 (full 0):
 garbage-first heap   total 53248K, used 45856K [0x00000000c2c00000, 0x0000000100000000)
  region size 1024K, 15 young (15360K), 2 survivors (2048K)
 Metaspace       used 73772K, committed 74624K, reserved 1114112K
  class space    used 9855K, committed 10240K, reserved 1048576K
}
Event: 28.374 GC heap after
{Heap after GC invocations=22 (full 0):
 garbage-first heap   total 53248K, used 35117K [0x00000000c2c00000, 0x0000000100000000)
  region size 1024K, 2 young (2048K), 2 survivors (2048K)
 Metaspace       used 73772K, committed 74624K, reserved 1114112K
  class space    used 9855K, committed 10240K, reserved 1048576K
}
Event: 29.282 GC heap before
{Heap before GC invocations=23 (full 0):
 garbage-first heap   total 61440K, used 47405K [0x00000000c2c00000, 0x0000000100000000)
  region size 1024K, 14 young (14336K), 2 survivors (2048K)
 Metaspace       used 75772K, committed 76736K, reserved 1179648K
  class space    used 10113K, committed 10560K, reserved 1048576K
}
Event: 29.288 GC heap after
{Heap after GC invocations=24 (full 0):
 garbage-first heap   total 61440K, used 37757K [0x00000000c2c00000, 0x0000000100000000)
  region size 1024K, 2 young (2048K), 2 survivors (2048K)
 Metaspace       used 75772K, committed 76736K, reserved 1179648K
  class space    used 10113K, committed 10560K, reserved 1048576K
}
Event: 29.830 GC heap before
{Heap before GC invocations=24 (full 0):
 garbage-first heap   total 61440K, used 56189K [0x00000000c2c00000, 0x0000000100000000)
  region size 1024K, 18 young (18432K), 2 survivors (2048K)
 Metaspace       used 78004K, committed 78976K, reserved 1179648K
  class space    used 10314K, committed 10752K, reserved 1048576K
}
Event: 29.842 GC heap after
{Heap after GC invocations=25 (full 0):
 garbage-first heap   total 64512K, used 40689K [0x00000000c2c00000, 0x0000000100000000)
  region size 1024K, 3 young (3072K), 3 survivors (3072K)
 Metaspace       used 78004K, committed 78976K, reserved 1179648K
  class space    used 10314K, committed 10752K, reserved 1048576K
}
Event: 30.176 GC heap before
{Heap before GC invocations=25 (full 0):
 garbage-first heap   total 64512K, used 56049K [0x00000000c2c00000, 0x0000000100000000)
  region size 1024K, 18 young (18432K), 3 survivors (3072K)
 Metaspace       used 78362K, committed 79296K, reserved 1179648K
  class space    used 10357K, committed 10752K, reserved 1048576K
}
Event: 30.185 GC heap after
{Heap after GC invocations=26 (full 0):
 garbage-first heap   total 64512K, used 42379K [0x00000000c2c00000, 0x0000000100000000)
  region size 1024K, 3 young (3072K), 3 survivors (3072K)
 Metaspace       used 78362K, committed 79296K, reserved 1179648K
  class space    used 10357K, committed 10752K, reserved 1048576K
}
Event: 31.258 GC heap before
{Heap before GC invocations=27 (full 0):
 garbage-first heap   total 75776K, used 53643K [0x00000000c2c00000, 0x0000000100000000)
  region size 1024K, 15 young (15360K), 3 survivors (3072K)
 Metaspace       used 79390K, committed 80576K, reserved 1179648K
  class space    used 10501K, committed 11072K, reserved 1048576K
}
Event: 31.265 GC heap after
{Heap after GC invocations=28 (full 0):
 garbage-first heap   total 75776K, used 44461K [0x00000000c2c00000, 0x0000000100000000)
  region size 1024K, 2 young (2048K), 2 survivors (2048K)
 Metaspace       used 79390K, committed 80576K, reserved 1179648K
  class space    used 10501K, committed 11072K, reserved 1048576K
}

